
. 
end of do-file

. do "/var/folders/w3/gyjcgdsx15vc8y_zdl2rd2bh0000gn/T//SD03784.000000"

. 
. quietly {

. graph combine state_x state_x2 state_x3 state_x4, ycommon

. 
end of do-file

. margins , predict(outcome(1))

Predictive margins                              Number of obs     =        418
Model VCE    : OIM

Expression   : Pr(state_y==1), predict(outcome(1))

------------------------------------------------------------------------------
             |            Delta-method
             |     Margin   Std. Err.      z    P>|z|     [95% Conf. Interval]
-------------+----------------------------------------------------------------
       _cons |   .0287081    .007698     3.73   0.000     .0136203     .043796
------------------------------------------------------------------------------

. mlogit state_y i.state_x

Iteration 0:   log likelihood = -459.72829  
Iteration 1:   log likelihood = -450.68608  
Iteration 2:   log likelihood = -417.37008  (backed up)
Iteration 3:   log likelihood = -405.35529  
Iteration 4:   log likelihood = -401.08872  
Iteration 5:   log likelihood = -400.96853  
Iteration 6:   log likelihood = -400.96835  
Iteration 7:   log likelihood = -400.96835  

Multinomial logistic regression                 Number of obs     =        418
                                                LR chi2(9)        =     117.52
                                                Prob > chi2       =     0.0000
Log likelihood = -400.96835                     Pseudo R2         =     0.1278

------------------------------------------------------------------------------
     state_y |      Coef.   Std. Err.      z    P>|z|     [95% Conf. Interval]
-------------+----------------------------------------------------------------
1            |
     state_x |
          2  |  -3.109061   1.218899    -2.55   0.011    -5.498059   -.7200632
          3  |  -5.793014   1.325178    -4.37   0.000    -8.390315   -3.195712
          4  |  -4.820282   1.510714    -3.19   0.001    -7.781227   -1.859336
             |
       _cons |   1.386294   1.118034     1.24   0.215     -.805012    3.577601
-------------+----------------------------------------------------------------
2            |
     state_x |
          2  |  -1.568616   1.109483    -1.41   0.157    -3.743163    .6059307
          3  |  -3.457639   1.097735    -3.15   0.002     -5.60916   -1.306117
          4  |  -2.453158   1.123132    -2.18   0.029    -4.654456   -.2518603
             |
       _cons |   1.791759   1.080123     1.66   0.097    -.3252436    3.908763
-------------+----------------------------------------------------------------
3            |  (base outcome)
-------------+----------------------------------------------------------------
4            |
     state_x |
          2  |  -.3364722     1.4442    -0.23   0.816    -3.167053    2.494108
          3  |   -1.80403   1.429383    -1.26   0.207    -4.605568    .9975088
          4  |   .3946542   1.433177     0.28   0.783    -2.414322     3.20363
             |
       _cons |   3.06e-09   1.414214     0.00   1.000    -2.771808    2.771808
------------------------------------------------------------------------------

. margins , predict(outcome(1))

Predictive margins                              Number of obs     =        418
Model VCE    : OIM

Expression   : Pr(state_y==1), predict(outcome(1))

------------------------------------------------------------------------------
             |            Delta-method
             |     Margin   Std. Err.      z    P>|z|     [95% Conf. Interval]
-------------+----------------------------------------------------------------
       _cons |   .0287081    .007698     3.73   0.000     .0136203     .043796
------------------------------------------------------------------------------

. margins at (state_x = (1 4)), predict(outcome(1))
variable at not found
r(111);

. margins, at (state_x = (1 4)) predict(outcome(1))

Adjusted predictions                            Number of obs     =        418
Model VCE    : OIM

Expression   : Pr(state_y==1), predict(outcome(1))

1._at        : state_x         =           1

2._at        : state_x         =           4

------------------------------------------------------------------------------
             |            Delta-method
             |     Margin   Std. Err.      z    P>|z|     [95% Conf. Interval]
-------------+----------------------------------------------------------------
         _at |
          1  |   .3333333   .1360828     2.45   0.014      .066616    .6000506
          2  |   .0106383   .0105816     1.01   0.315    -.0101012    .0313778
------------------------------------------------------------------------------

. margins, at (state_x = (1(1) 4)) predict(outcome(1))

Adjusted predictions                            Number of obs     =        418
Model VCE    : OIM

Expression   : Pr(state_y==1), predict(outcome(1))

1._at        : state_x         =           1

2._at        : state_x         =           2

3._at        : state_x         =           3

4._at        : state_x         =           4

------------------------------------------------------------------------------
             |            Delta-method
             |     Margin   Std. Err.      z    P>|z|     [95% Conf. Interval]
-------------+----------------------------------------------------------------
         _at |
          1  |   .3333333   .1360828     2.45   0.014      .066616    .6000506
          2  |   .0568182   .0246774     2.30   0.021     .0084513    .1051851
          3  |   .0089286   .0062852     1.42   0.155    -.0033902    .0212473
          4  |   .0106383   .0105816     1.01   0.315    -.0101012    .0313778
------------------------------------------------------------------------------

. margins, at (state_x = (1(1) 4)) predict(outcome(2))

Adjusted predictions                            Number of obs     =        418
Model VCE    : OIM

Expression   : Pr(state_y==2), predict(outcome(2))

1._at        : state_x         =           1

2._at        : state_x         =           2

3._at        : state_x         =           3

4._at        : state_x         =           4

------------------------------------------------------------------------------
             |            Delta-method
             |     Margin   Std. Err.      z    P>|z|     [95% Conf. Interval]
-------------+----------------------------------------------------------------
         _at |
          1  |         .5   .1443376     3.46   0.001     .2171036    .7828964
          2  |   .3977273   .0521733     7.62   0.000     .2954696     .499985
          3  |   .1383929   .0230721     6.00   0.000     .0931723    .1836134
          4  |   .1702128   .0387628     4.39   0.000      .094239    .2461865
------------------------------------------------------------------------------

. margins, at (state_x = (1(1) 4)) predict(outcome(3))

Adjusted predictions                            Number of obs     =        418
Model VCE    : OIM

Expression   : Pr(state_y==3), predict(outcome(3))

1._at        : state_x         =           1

2._at        : state_x         =           2

3._at        : state_x         =           3

4._at        : state_x         =           4

------------------------------------------------------------------------------
             |            Delta-method
             |     Margin   Std. Err.      z    P>|z|     [95% Conf. Interval]
-------------+----------------------------------------------------------------
         _at |
          1  |   .0833333   .0797856     1.04   0.296    -.0730436    .2397102
          2  |   .3181818   .0496513     6.41   0.000     .2208671    .4154966
          3  |   .7321429   .0295887    24.74   0.000     .6741501    .7901356
          4  |   .3297872   .0484908     6.80   0.000      .234747    .4248275
------------------------------------------------------------------------------

. margins, at (state_x = (1(1) 4)) predict(outcome(4))

Adjusted predictions                            Number of obs     =        418
Model VCE    : OIM

Expression   : Pr(state_y==4), predict(outcome(4))

1._at        : state_x         =           1

2._at        : state_x         =           2

3._at        : state_x         =           3

4._at        : state_x         =           4

------------------------------------------------------------------------------
             |            Delta-method
             |     Margin   Std. Err.      z    P>|z|     [95% Conf. Interval]
-------------+----------------------------------------------------------------
         _at |
          1  |   .0833333   .0797856     1.04   0.296    -.0730436    .2397102
          2  |   .2272727    .044673     5.09   0.000     .1397152    .3148303
          3  |   .1205357   .0217542     5.54   0.000     .0778983    .1631731
          4  |   .4893617   .0515594     9.49   0.000     .3883072    .5904162
------------------------------------------------------------------------------

